This file contains any messages produced by compilers while
running configure, to aid debugging if configure makes a mistake.

It was created by nauty configure 2.8.8, which was
generated by GNU Autoconf 2.69.  Invocation command line was

  $ ./configure 

## --------- ##
## Platform. ##
## --------- ##

hostname = fedora
uname -m = x86_64
uname -r = 6.8.10-200.fc39.x86_64
uname -s = Linux
uname -v = #1 SMP PREEMPT_DYNAMIC Fri May 17 21:20:15 UTC 2024

/usr/bin/uname -p = unknown
/bin/uname -X     = unknown

/bin/arch              = x86_64
/usr/bin/arch -k       = unknown
/usr/convex/getsysinfo = unknown
/usr/bin/hostinfo      = unknown
/bin/machine           = unknown
/usr/bin/oslevel       = unknown
/bin/universe          = unknown

PATH: /home/richard_batspak/.sdkman/candidates/java/current/bin
PATH: /home/richard_batspak/.local/bin
PATH: /home/richard_batspak/bin
PATH: /usr/local/bin
PATH: /usr/local/sbin
PATH: /usr/bin
PATH: /usr/sbin
PATH: /var/lib/snapd/snap/bin
PATH: /home/richard_batspak/.cabal/bin


## ----------- ##
## Core tests. ##
## ----------- ##

configure:2646: checking build system type
configure:2660: result: x86_64-pc-linux-gnu
configure:2680: checking host system type
configure:2693: result: x86_64-pc-linux-gnu
configure:2785: checking for gcc
configure:2801: found /usr/bin/gcc
configure:2812: result: gcc
configure:3041: checking for C compiler version
configure:3050: gcc --version >&5
gcc (GCC) 13.2.1 20240316 (Red Hat 13.2.1-7)
Copyright (C) 2023 Free Software Foundation, Inc.
This is free software; see the source for copying conditions.  There is NO
warranty; not even for MERCHANTABILITY or FITNESS FOR A PARTICULAR PURPOSE.

configure:3061: $? = 0
configure:3050: gcc -v >&5
Using built-in specs.
COLLECT_GCC=gcc
COLLECT_LTO_WRAPPER=/usr/libexec/gcc/x86_64-redhat-linux/13/lto-wrapper
OFFLOAD_TARGET_NAMES=nvptx-none
OFFLOAD_TARGET_DEFAULT=1
Target: x86_64-redhat-linux
Configured with: ../configure --enable-bootstrap --enable-languages=c,c++,fortran,objc,obj-c++,ada,go,d,m2,lto --prefix=/usr --mandir=/usr/share/man --infodir=/usr/share/info --with-bugurl=http://bugzilla.redhat.com/bugzilla --enable-shared --enable-threads=posix --enable-checking=release --enable-multilib --with-system-zlib --enable-__cxa_atexit --disable-libunwind-exceptions --enable-gnu-unique-object --enable-linker-build-id --with-gcc-major-version-only --enable-libstdcxx-backtrace --with-libstdcxx-zoneinfo=/usr/share/zoneinfo --with-linker-hash-style=gnu --enable-plugin --enable-initfini-array --with-isl=/builddir/build/BUILD/gcc-13.2.1-20240316/obj-x86_64-redhat-linux/isl-install --enable-offload-targets=nvptx-none --without-cuda-driver --enable-offload-defaulted --enable-gnu-indirect-function --enable-cet --with-tune=generic --with-arch_32=i686 --build=x86_64-redhat-linux --with-build-config=bootstrap-lto --enable-link-serialization=1
Thread model: posix
Supported LTO compression algorithms: zlib zstd
gcc version 13.2.1 20240316 (Red Hat 13.2.1-7) (GCC) 
... rest of stderr output deleted ...
configure:3061: $? = 0
configure:3050: gcc -V >&5
gcc: error: unrecognized command-line option '-V'
gcc: fatal error: no input files
compilation terminated.
configure:3061: $? = 1
configure:3050: gcc -qversion >&5
gcc: error: unrecognized command-line option '-qversion'; did you mean '--version'?
gcc: fatal error: no input files
compilation terminated.
configure:3061: $? = 1
configure:3081: checking whether the C compiler works
configure:3103: gcc    conftest.c  >&5
configure:3107: $? = 0
configure:3155: result: yes
configure:3158: checking for C compiler default output file name
configure:3160: result: a.out
configure:3166: checking for suffix of executables
configure:3173: gcc -o conftest    conftest.c  >&5
configure:3177: $? = 0
configure:3199: result: 
configure:3221: checking whether we are cross compiling
configure:3229: gcc -o conftest    conftest.c  >&5
configure:3233: $? = 0
configure:3240: ./conftest
configure:3244: $? = 0
configure:3259: result: no
configure:3264: checking for suffix of object files
configure:3286: gcc -c   conftest.c >&5
configure:3290: $? = 0
configure:3311: result: o
configure:3315: checking whether we are using the GNU C compiler
configure:3334: gcc -c   conftest.c >&5
configure:3334: $? = 0
configure:3343: result: yes
configure:3352: checking whether gcc accepts -g
configure:3372: gcc -c -g  conftest.c >&5
configure:3372: $? = 0
configure:3413: result: yes
configure:3430: checking for gcc option to accept ISO C89
configure:3493: gcc  -c -g -O2  conftest.c >&5
configure:3493: $? = 0
configure:3506: result: none needed
configure:3536: checking for special C compiler options needed for large files
configure:3581: result: no
configure:3587: checking for _FILE_OFFSET_BITS value needed for large files
configure:3612: gcc -c   conftest.c >&5
configure:3612: $? = 0
configure:3644: result: no
configure:3800: checking if gcc supports -O4 -Werror flags
configure:3816: gcc -c -O4 -Werror  conftest.c >&5
configure:3816: $? = 0
configure:3823: result: yes
configure:3910: checking for sys/wait.h that is POSIX.1 compatible
configure:3936: gcc -c  -O4  conftest.c >&5
configure:3936: $? = 0
configure:3943: result: yes
configure:3956: checking how to run the C preprocessor
configure:3987: gcc -E  conftest.c
configure:3987: $? = 0
configure:4001: gcc -E  conftest.c
conftest.c:10:10: fatal error: ac_nonexistent.h: No such file or directory
   10 | #include <ac_nonexistent.h>
      |          ^~~~~~~~~~~~~~~~~~
compilation terminated.
configure:4001: $? = 1
configure: failed program was:
| /* confdefs.h */
| #define PACKAGE_NAME "nauty"
| #define PACKAGE_TARNAME "nauty"
| #define PACKAGE_VERSION "2.8.8"
| #define PACKAGE_STRING "nauty 2.8.8"
| #define PACKAGE_BUGREPORT ""
| #define PACKAGE_URL ""
| #define HAVE_SYS_WAIT_H 1
| /* end confdefs.h.  */
| #include <ac_nonexistent.h>
configure:4026: result: gcc -E
configure:4046: gcc -E  conftest.c
configure:4046: $? = 0
configure:4060: gcc -E  conftest.c
conftest.c:10:10: fatal error: ac_nonexistent.h: No such file or directory
   10 | #include <ac_nonexistent.h>
      |          ^~~~~~~~~~~~~~~~~~
compilation terminated.
configure:4060: $? = 1
configure: failed program was:
| /* confdefs.h */
| #define PACKAGE_NAME "nauty"
| #define PACKAGE_TARNAME "nauty"
| #define PACKAGE_VERSION "2.8.8"
| #define PACKAGE_STRING "nauty 2.8.8"
| #define PACKAGE_BUGREPORT ""
| #define PACKAGE_URL ""
| #define HAVE_SYS_WAIT_H 1
| /* end confdefs.h.  */
| #include <ac_nonexistent.h>
configure:4089: checking for grep that handles long lines and -e
configure:4147: result: /usr/bin/grep
configure:4152: checking for egrep
configure:4214: result: /usr/bin/grep -E
configure:4219: checking for ANSI C header files
configure:4239: gcc -c  -O4  conftest.c >&5
configure:4239: $? = 0
configure:4312: gcc -o conftest  -O4   conftest.c  >&5
configure:4312: $? = 0
configure:4312: ./conftest
configure:4312: $? = 0
configure:4323: result: yes
configure:4336: checking for sys/types.h
configure:4336: gcc -c  -O4  conftest.c >&5
configure:4336: $? = 0
configure:4336: result: yes
configure:4336: checking for sys/stat.h
configure:4336: gcc -c  -O4  conftest.c >&5
configure:4336: $? = 0
configure:4336: result: yes
configure:4336: checking for stdlib.h
configure:4336: gcc -c  -O4  conftest.c >&5
configure:4336: $? = 0
configure:4336: result: yes
configure:4336: checking for string.h
configure:4336: gcc -c  -O4  conftest.c >&5
configure:4336: $? = 0
configure:4336: result: yes
configure:4336: checking for memory.h
configure:4336: gcc -c  -O4  conftest.c >&5
configure:4336: $? = 0
configure:4336: result: yes
configure:4336: checking for strings.h
configure:4336: gcc -c  -O4  conftest.c >&5
configure:4336: $? = 0
configure:4336: result: yes
configure:4336: checking for inttypes.h
configure:4336: gcc -c  -O4  conftest.c >&5
configure:4336: $? = 0
configure:4336: result: yes
configure:4336: checking for stdint.h
configure:4336: gcc -c  -O4  conftest.c >&5
configure:4336: $? = 0
configure:4336: result: yes
configure:4336: checking for unistd.h
configure:4336: gcc -c  -O4  conftest.c >&5
configure:4336: $? = 0
configure:4336: result: yes
configure:4351: checking signal.h usability
configure:4351: gcc -c  -O4  conftest.c >&5
configure:4351: $? = 0
configure:4351: result: yes
configure:4351: checking signal.h presence
configure:4351: gcc -E  conftest.c
configure:4351: $? = 0
configure:4351: result: yes
configure:4351: checking for signal.h
configure:4351: result: yes
configure:4351: checking stddef.h usability
configure:4351: gcc -c  -O4  conftest.c >&5
configure:4351: $? = 0
configure:4351: result: yes
configure:4351: checking stddef.h presence
configure:4351: gcc -E  conftest.c
configure:4351: $? = 0
configure:4351: result: yes
configure:4351: checking for stddef.h
configure:4351: result: yes
configure:4351: checking for unistd.h
configure:4351: result: yes
configure:4351: checking for sys/types.h
configure:4351: result: yes
configure:4351: checking for sys/wait.h
configure:4351: result: yes
configure:4351: checking for stdlib.h
configure:4351: result: yes
configure:4351: checking for string.h
configure:4351: result: yes
configure:4351: checking errno.h usability
configure:4351: gcc -c  -O4  conftest.c >&5
configure:4351: $? = 0
configure:4351: result: yes
configure:4351: checking errno.h presence
configure:4351: gcc -E  conftest.c
configure:4351: $? = 0
configure:4351: result: yes
configure:4351: checking for errno.h
configure:4351: result: yes
configure:4351: checking limits.h usability
configure:4351: gcc -c  -O4  conftest.c >&5
configure:4351: $? = 0
configure:4351: result: yes
configure:4351: checking limits.h presence
configure:4351: gcc -E  conftest.c
configure:4351: $? = 0
configure:4351: result: yes
configure:4351: checking for limits.h
configure:4351: result: yes
configure:4351: checking for stdint.h
configure:4351: result: yes
configure:4422: checking for pid_t
configure:4422: gcc -c  -O4  conftest.c >&5
configure:4422: $? = 0
configure:4422: gcc -c  -O4  conftest.c >&5
conftest.c: In function 'main':
conftest.c:66:20: error: expected expression before ')' token
   66 | if (sizeof ((pid_t)))
      |                    ^
configure:4422: $? = 1
configure: failed program was:
| /* confdefs.h */
| #define PACKAGE_NAME "nauty"
| #define PACKAGE_TARNAME "nauty"
| #define PACKAGE_VERSION "2.8.8"
| #define PACKAGE_STRING "nauty 2.8.8"
| #define PACKAGE_BUGREPORT ""
| #define PACKAGE_URL ""
| #define HAVE_SYS_WAIT_H 1
| #define STDC_HEADERS 1
| #define HAVE_SYS_TYPES_H 1
| #define HAVE_SYS_STAT_H 1
| #define HAVE_STDLIB_H 1
| #define HAVE_STRING_H 1
| #define HAVE_MEMORY_H 1
| #define HAVE_STRINGS_H 1
| #define HAVE_INTTYPES_H 1
| #define HAVE_STDINT_H 1
| #define HAVE_UNISTD_H 1
| #define HAVE_SIGNAL_H 1
| #define HAVE_STDDEF_H 1
| #define HAVE_UNISTD_H 1
| #define HAVE_SYS_TYPES_H 1
| #define HAVE_SYS_WAIT_H 1
| #define HAVE_STDLIB_H 1
| #define HAVE_STRING_H 1
| #define HAVE_ERRNO_H 1
| #define HAVE_LIMITS_H 1
| #define HAVE_STDINT_H 1
| /* end confdefs.h.  */
| #include <stdio.h>
| #ifdef HAVE_SYS_TYPES_H
| # include <sys/types.h>
| #endif
| #ifdef HAVE_SYS_STAT_H
| # include <sys/stat.h>
| #endif
| #ifdef STDC_HEADERS
| # include <stdlib.h>
| # include <stddef.h>
| #else
| # ifdef HAVE_STDLIB_H
| #  include <stdlib.h>
| # endif
| #endif
| #ifdef HAVE_STRING_H
| # if !defined STDC_HEADERS && defined HAVE_MEMORY_H
| #  include <memory.h>
| # endif
| # include <string.h>
| #endif
| #ifdef HAVE_STRINGS_H
| # include <strings.h>
| #endif
| #ifdef HAVE_INTTYPES_H
| # include <inttypes.h>
| #endif
| #ifdef HAVE_STDINT_H
| # include <stdint.h>
| #endif
| #ifdef HAVE_UNISTD_H
| # include <unistd.h>
| #endif
| int
| main ()
| {
| if (sizeof ((pid_t)))
| 	    return 0;
|   ;
|   return 0;
| }
configure:4422: result: yes
configure:4440: checking whether ftell is declared
configure:4440: gcc -c  -O4  conftest.c >&5
configure:4440: $? = 0
configure:4440: result: yes
configure:4448: checking whether popen is declared
configure:4448: gcc -c  -O4  conftest.c >&5
configure:4448: $? = 0
configure:4448: result: yes
configure:4456: checking whether fdopen is declared
configure:4456: gcc -c  -O4  conftest.c >&5
configure:4456: $? = 0
configure:4456: result: yes
configure:4464: checking whether putenv is declared
configure:4464: gcc -c  -O4  conftest.c >&5
configure:4464: $? = 0
configure:4464: result: yes
configure:4472: checking whether setenv is declared
configure:4472: gcc -c  -O4  conftest.c >&5
configure:4472: $? = 0
configure:4472: result: yes
configure:4481: checking whether malloc is declared
configure:4481: gcc -c  -O4  conftest.c >&5
configure:4481: $? = 0
configure:4481: result: yes
configure:4505: checking if compiler accepts flexible array members
configure:4519: gcc -c  -O4  conftest.c >&5
configure:4519: $? = 0
configure:4526: result: 1
configure:4529: checking if INFINITY is declared in math.h
configure:4549: result: 1
configure:4559: checking size of int
configure:4564: gcc -o conftest  -O4   conftest.c  >&5
configure:4564: $? = 0
configure:4564: ./conftest
configure:4564: $? = 0
configure:4578: result: 4
configure:4593: checking size of long
configure:4598: gcc -o conftest  -O4   conftest.c  >&5
configure:4598: $? = 0
configure:4598: ./conftest
configure:4598: $? = 0
configure:4612: result: 8
configure:4627: checking size of long long
configure:4632: gcc -o conftest  -O4   conftest.c  >&5
configure:4632: $? = 0
configure:4632: ./conftest
configure:4632: $? = 0
configure:4646: result: 8
configure:4661: checking size of void*
configure:4666: gcc -o conftest  -O4   conftest.c  >&5
configure:4666: $? = 0
configure:4666: ./conftest
configure:4666: $? = 0
configure:4680: result: 8
configure:4696: checking size of __uint128_t
configure:4701: gcc -o conftest  -O4   conftest.c  >&5
configure:4701: $? = 0
configure:4701: ./conftest
configure:4701: $? = 0
configure:4715: result: 16
configure:4729: checking size of unsigned __int128
configure:4734: gcc -o conftest  -O4   conftest.c  >&5
configure:4734: $? = 0
configure:4734: ./conftest
configure:4734: $? = 0
configure:4748: result: 16
configure:4779: checking for isatty
configure:4779: gcc -o conftest  -O4   conftest.c  >&5
configure:4779: $? = 0
configure:4779: result: yes
configure:4787: checking for time
configure:4787: gcc -o conftest  -O4   conftest.c  >&5
configure:4787: $? = 0
configure:4787: result: yes
configure:4795: checking for gettimeofday
configure:4795: gcc -o conftest  -O4   conftest.c  >&5
configure:4795: $? = 0
configure:4795: result: yes
configure:4803: checking for clock_gettime
configure:4803: gcc -o conftest  -O4   conftest.c  >&5
configure:4803: $? = 0
configure:4803: result: yes
configure:4811: checking for clock
configure:4811: gcc -o conftest  -O4   conftest.c  >&5
configure:4811: $? = 0
configure:4811: result: yes
configure:4819: checking for times
configure:4819: gcc -o conftest  -O4   conftest.c  >&5
configure:4819: $? = 0
configure:4819: result: yes
configure:4827: checking for getrusage
configure:4827: gcc -o conftest  -O4   conftest.c  >&5
configure:4827: $? = 0
configure:4827: result: yes
configure:4835: checking for perror
configure:4835: gcc -o conftest  -O4   conftest.c  >&5
configure:4835: $? = 0
configure:4835: result: yes
configure:4843: checking for pipe
configure:4843: gcc -o conftest  -O4   conftest.c  >&5
configure:4843: $? = 0
configure:4843: result: yes
configure:4851: checking for wait
configure:4851: gcc -o conftest  -O4   conftest.c  >&5
configure:4851: $? = 0
configure:4851: result: yes
configure:4859: checking for popen
configure:4859: gcc -o conftest  -O4   conftest.c  >&5
configure:4859: $? = 0
configure:4859: result: yes
configure:4867: checking for putenv
configure:4867: gcc -o conftest  -O4   conftest.c  >&5
configure:4867: $? = 0
configure:4867: result: yes
configure:4875: checking for setenv
configure:4875: gcc -o conftest  -O4   conftest.c  >&5
configure:4875: $? = 0
configure:4875: result: yes
configure:4885: checking vfork.h usability
configure:4885: gcc -c  -O4  conftest.c >&5
conftest.c:69:10: fatal error: vfork.h: No such file or directory
   69 | #include <vfork.h>
      |          ^~~~~~~~~
compilation terminated.
configure:4885: $? = 1
configure: failed program was:
| /* confdefs.h */
| #define PACKAGE_NAME "nauty"
| #define PACKAGE_TARNAME "nauty"
| #define PACKAGE_VERSION "2.8.8"
| #define PACKAGE_STRING "nauty 2.8.8"
| #define PACKAGE_BUGREPORT ""
| #define PACKAGE_URL ""
| #define HAVE_SYS_WAIT_H 1
| #define STDC_HEADERS 1
| #define HAVE_SYS_TYPES_H 1
| #define HAVE_SYS_STAT_H 1
| #define HAVE_STDLIB_H 1
| #define HAVE_STRING_H 1
| #define HAVE_MEMORY_H 1
| #define HAVE_STRINGS_H 1
| #define HAVE_INTTYPES_H 1
| #define HAVE_STDINT_H 1
| #define HAVE_UNISTD_H 1
| #define HAVE_SIGNAL_H 1
| #define HAVE_STDDEF_H 1
| #define HAVE_UNISTD_H 1
| #define HAVE_SYS_TYPES_H 1
| #define HAVE_SYS_WAIT_H 1
| #define HAVE_STDLIB_H 1
| #define HAVE_STRING_H 1
| #define HAVE_ERRNO_H 1
| #define HAVE_LIMITS_H 1
| #define HAVE_STDINT_H 1
| #define SIZEOF_INT 4
| #define SIZEOF_LONG 8
| #define SIZEOF_LONG_LONG 8
| #define SIZEOF_VOIDP 8
| #define SIZEOF___UINT128_T 16
| #define SIZEOF_UNSIGNED___INT128 16
| /* end confdefs.h.  */
| #include <stdio.h>
| #ifdef HAVE_SYS_TYPES_H
| # include <sys/types.h>
| #endif
| #ifdef HAVE_SYS_STAT_H
| # include <sys/stat.h>
| #endif
| #ifdef STDC_HEADERS
| # include <stdlib.h>
| # include <stddef.h>
| #else
| # ifdef HAVE_STDLIB_H
| #  include <stdlib.h>
| # endif
| #endif
| #ifdef HAVE_STRING_H
| # if !defined STDC_HEADERS && defined HAVE_MEMORY_H
| #  include <memory.h>
| # endif
| # include <string.h>
| #endif
| #ifdef HAVE_STRINGS_H
| # include <strings.h>
| #endif
| #ifdef HAVE_INTTYPES_H
| # include <inttypes.h>
| #endif
| #ifdef HAVE_STDINT_H
| # include <stdint.h>
| #endif
| #ifdef HAVE_UNISTD_H
| # include <unistd.h>
| #endif
| #include <vfork.h>
configure:4885: result: no
configure:4885: checking vfork.h presence
configure:4885: gcc -E  conftest.c
conftest.c:36:10: fatal error: vfork.h: No such file or directory
   36 | #include <vfork.h>
      |          ^~~~~~~~~
compilation terminated.
configure:4885: $? = 1
configure: failed program was:
| /* confdefs.h */
| #define PACKAGE_NAME "nauty"
| #define PACKAGE_TARNAME "nauty"
| #define PACKAGE_VERSION "2.8.8"
| #define PACKAGE_STRING "nauty 2.8.8"
| #define PACKAGE_BUGREPORT ""
| #define PACKAGE_URL ""
| #define HAVE_SYS_WAIT_H 1
| #define STDC_HEADERS 1
| #define HAVE_SYS_TYPES_H 1
| #define HAVE_SYS_STAT_H 1
| #define HAVE_STDLIB_H 1
| #define HAVE_STRING_H 1
| #define HAVE_MEMORY_H 1
| #define HAVE_STRINGS_H 1
| #define HAVE_INTTYPES_H 1
| #define HAVE_STDINT_H 1
| #define HAVE_UNISTD_H 1
| #define HAVE_SIGNAL_H 1
| #define HAVE_STDDEF_H 1
| #define HAVE_UNISTD_H 1
| #define HAVE_SYS_TYPES_H 1
| #define HAVE_SYS_WAIT_H 1
| #define HAVE_STDLIB_H 1
| #define HAVE_STRING_H 1
| #define HAVE_ERRNO_H 1
| #define HAVE_LIMITS_H 1
| #define HAVE_STDINT_H 1
| #define SIZEOF_INT 4
| #define SIZEOF_LONG 8
| #define SIZEOF_LONG_LONG 8
| #define SIZEOF_VOIDP 8
| #define SIZEOF___UINT128_T 16
| #define SIZEOF_UNSIGNED___INT128 16
| /* end confdefs.h.  */
| #include <vfork.h>
configure:4885: result: no
configure:4885: checking for vfork.h
configure:4885: result: no
configure:4898: checking for fork
configure:4898: gcc -o conftest  -O4   conftest.c  >&5
conftest.c:59:6: warning: conflicting types for built-in function 'fork'; expected 'int(void)' [-Wbuiltin-declaration-mismatch]
   59 | char fork ();
      |      ^~~~
configure:4898: $? = 0
configure:4898: result: yes
configure:4898: checking for vfork
configure:4898: gcc -o conftest  -O4   conftest.c  >&5
configure:4898: $? = 0
configure:4898: result: yes
configure:4908: checking for working fork
configure:4930: gcc -o conftest  -O4   conftest.c  >&5
configure:4930: $? = 0
configure:4930: ./conftest
configure:4930: $? = 0
configure:4940: result: yes
configure:4961: checking for working vfork
configure:5071: result: yes
configure:5103: checking for fseeko
configure:5103: gcc -o conftest  -O4   conftest.c  >&5
configure:5103: $? = 0
configure:5103: result: yes
configure:5111: checking for sigaction
configure:5111: gcc -o conftest  -O4   conftest.c  >&5
configure:5111: $? = 0
configure:5111: result: yes
configure:5119: checking for sigprocmask
configure:5119: gcc -o conftest  -O4   conftest.c  >&5
configure:5119: $? = 0
configure:5119: result: yes
configure:5128: checking if popcnt instruction is available and requested
configure:5147: gcc -o conftest  -O4   conftest.c  >&5
configure:5147: $? = 0
configure:5147: ./conftest
configure:5147: $? = 0
configure:5170: result: 1
configure:5219: checking if __builtin_popcount() is supported
configure:5225: gcc -o conftest  -O4 -mpopcnt   conftest.c  >&5
configure:5225: $? = 0
configure:5232: result: 1
configure:5234: checking if __builtin_popcountl() is supported
configure:5240: gcc -o conftest  -O4 -mpopcnt   conftest.c  >&5
configure:5240: $? = 0
configure:5247: result: 1
configure:5249: checking if __builtin_popcountll() is supported
configure:5255: gcc -o conftest  -O4 -mpopcnt   conftest.c  >&5
configure:5255: $? = 0
configure:5262: result: 1
configure:5298: checking if gcc supports -march=native
configure:5308: gcc -c  -O4 -march=native  conftest.c >&5
configure:5308: $? = 0
configure:5314: result: yes
configure:5361: checking if lzcnt instruction is available and requested
configure:5373: result: 1
configure:5378: checking if __builtin_clz() is supported
configure:5384: gcc -o conftest  -O4   conftest.c  >&5
configure:5384: $? = 0
configure:5391: result: 1
configure:5393: checking if __builtin_clzl() is supported
configure:5399: gcc -o conftest  -O4   conftest.c  >&5
configure:5399: $? = 0
configure:5406: result: 1
configure:5408: checking if __builtin_clzll() is supported
configure:5414: gcc -o conftest  -O4   conftest.c  >&5
configure:5414: $? = 0
configure:5421: result: 1
configure:5445: checking for getc_unlocked
configure:5445: gcc -o conftest  -O4   conftest.c  >&5
configure:5445: $? = 0
configure:5445: result: yes
configure:5452: checking for flockfile
configure:5452: gcc -o conftest  -O4   conftest.c  >&5
configure:5452: $? = 0
configure:5452: result: yes
configure:5468: checking for noreturn attribute
configure:5488: gcc -c  -O4  conftest.c >&5
configure:5488: $? = 0
configure:5498: result: _Noreturn
configure:5518: checking for thread local storage (TLS) class
configure:5537: gcc -c  -O4  conftest.c >&5
conftest.c: In function 'main':
conftest.c:45:21: error: expected ';' before 'int'
   45 | static  thread_local  int bar;
      |                     ^ ~~~
      |                     ;
configure:5537: $? = 1
configure: failed program was:
| /* confdefs.h */
| #define PACKAGE_NAME "nauty"
| #define PACKAGE_TARNAME "nauty"
| #define PACKAGE_VERSION "2.8.8"
| #define PACKAGE_STRING "nauty 2.8.8"
| #define PACKAGE_BUGREPORT ""
| #define PACKAGE_URL ""
| #define HAVE_SYS_WAIT_H 1
| #define STDC_HEADERS 1
| #define HAVE_SYS_TYPES_H 1
| #define HAVE_SYS_STAT_H 1
| #define HAVE_STDLIB_H 1
| #define HAVE_STRING_H 1
| #define HAVE_MEMORY_H 1
| #define HAVE_STRINGS_H 1
| #define HAVE_INTTYPES_H 1
| #define HAVE_STDINT_H 1
| #define HAVE_UNISTD_H 1
| #define HAVE_SIGNAL_H 1
| #define HAVE_STDDEF_H 1
| #define HAVE_UNISTD_H 1
| #define HAVE_SYS_TYPES_H 1
| #define HAVE_SYS_WAIT_H 1
| #define HAVE_STDLIB_H 1
| #define HAVE_STRING_H 1
| #define HAVE_ERRNO_H 1
| #define HAVE_LIMITS_H 1
| #define HAVE_STDINT_H 1
| #define SIZEOF_INT 4
| #define SIZEOF_LONG 8
| #define SIZEOF_LONG_LONG 8
| #define SIZEOF_VOIDP 8
| #define SIZEOF___UINT128_T 16
| #define SIZEOF_UNSIGNED___INT128 16
| #define HAVE_FORK 1
| #define HAVE_VFORK 1
| #define HAVE_WORKING_VFORK 1
| #define HAVE_WORKING_FORK 1
| #define NORET _Noreturn
| /* end confdefs.h.  */
| #include <stdlib.h>
| int
| main ()
| {
| static  thread_local  int bar;
| 
|   ;
|   return 0;
| }
configure:5537: gcc -c  -O4  conftest.c >&5
configure:5537: $? = 0
configure:5547: result: _Thread_local
configure:5625: checking for gsort
configure:5655: result: no
configure:5625: checking for sort
configure:5641: found /usr/bin/sort
configure:5652: result: sort
configure:5666: checking if sort supports the -k switch
configure:5674: result: 1
configure:5677: checking if sort supports the -S switch
configure:5685: result: 1
configure:5691: checking for a thread-safe mkdir -p
configure:5730: result: /usr/bin/mkdir -p
configure:5747: checking for a BSD-compatible install
configure:5815: result: /usr/bin/install -c
configure:5831: checking for gunzip
configure:5847: found /usr/bin/gunzip
configure:5858: result: gunzip
configure:6021: creating ./config.status

## ---------------------- ##
## Running config.status. ##
## ---------------------- ##

This file was extended by nauty config.status 2.8.8, which was
generated by GNU Autoconf 2.69.  Invocation command line was

  CONFIG_FILES    = 
  CONFIG_HEADERS  = 
  CONFIG_LINKS    = 
  CONFIG_COMMANDS = 
  $ ./config.status 

on fedora

config.status:821: creating makefile
config.status:821: creating nauty.h
config.status:821: creating naututil.h
config.status:821: creating gtools.h
config.status:821: creating nauty.pc
config.status:821: creating runalltests

## ---------------- ##
## Cache variables. ##
## ---------------- ##

ac_cv_build=x86_64-pc-linux-gnu
ac_cv_c_compiler_gnu=yes
ac_cv_env_CC_set=
ac_cv_env_CC_value=
ac_cv_env_CFLAGS_set=
ac_cv_env_CFLAGS_value=
ac_cv_env_CPPFLAGS_set=
ac_cv_env_CPPFLAGS_value=
ac_cv_env_CPP_set=
ac_cv_env_CPP_value=
ac_cv_env_LDFLAGS_set=
ac_cv_env_LDFLAGS_value=
ac_cv_env_LIBS_set=
ac_cv_env_LIBS_value=
ac_cv_env_build_alias_set=
ac_cv_env_build_alias_value=
ac_cv_env_host_alias_set=
ac_cv_env_host_alias_value=
ac_cv_env_target_alias_set=
ac_cv_env_target_alias_value=
ac_cv_func_clock=yes
ac_cv_func_clock_gettime=yes
ac_cv_func_flockfile=yes
ac_cv_func_fork=yes
ac_cv_func_fork_works=yes
ac_cv_func_fseeko=yes
ac_cv_func_getc_unlocked=yes
ac_cv_func_getrusage=yes
ac_cv_func_gettimeofday=yes
ac_cv_func_isatty=yes
ac_cv_func_perror=yes
ac_cv_func_pipe=yes
ac_cv_func_popen=yes
ac_cv_func_putenv=yes
ac_cv_func_setenv=yes
ac_cv_func_sigaction=yes
ac_cv_func_sigprocmask=yes
ac_cv_func_time=yes
ac_cv_func_times=yes
ac_cv_func_vfork=yes
ac_cv_func_vfork_works=yes
ac_cv_func_wait=yes
ac_cv_have_decl_fdopen=yes
ac_cv_have_decl_ftell=yes
ac_cv_have_decl_malloc=yes
ac_cv_have_decl_popen=yes
ac_cv_have_decl_putenv=yes
ac_cv_have_decl_setenv=yes
ac_cv_header_errno_h=yes
ac_cv_header_inttypes_h=yes
ac_cv_header_limits_h=yes
ac_cv_header_memory_h=yes
ac_cv_header_signal_h=yes
ac_cv_header_stdc=yes
ac_cv_header_stddef_h=yes
ac_cv_header_stdint_h=yes
ac_cv_header_stdlib_h=yes
ac_cv_header_string_h=yes
ac_cv_header_strings_h=yes
ac_cv_header_sys_stat_h=yes
ac_cv_header_sys_types_h=yes
ac_cv_header_sys_wait_h=yes
ac_cv_header_unistd_h=yes
ac_cv_header_vfork_h=no
ac_cv_host=x86_64-pc-linux-gnu
ac_cv_native_ok=yes
ac_cv_noret=_Noreturn
ac_cv_objext=o
ac_cv_path_EGREP='/usr/bin/grep -E'
ac_cv_path_GREP=/usr/bin/grep
ac_cv_path_install='/usr/bin/install -c'
ac_cv_path_mkdir=/usr/bin/mkdir
ac_cv_prog_CPP='gcc -E'
ac_cv_prog_ac_ct_CC=gcc
ac_cv_prog_cc_c89=
ac_cv_prog_cc_g=yes
ac_cv_prog_gunzip_prog=gunzip
ac_cv_prog_sort_prog=sort
ac_cv_sizeof___uint128_t=16
ac_cv_sizeof_int=4
ac_cv_sizeof_long=8
ac_cv_sizeof_long_long=8
ac_cv_sizeof_unsigned___int128=16
ac_cv_sizeof_voidp=8
ac_cv_sys_file_offset_bits=0
ac_cv_sys_largefile_CC=no
ac_cv_tls=_Thread_local
ac_cv_try_cflags_ok=yes
ac_cv_type_pid_t=yes

## ----------------- ##
## Output variables. ##
## ----------------- ##

CC='gcc'
CFLAGS=' -O4'
CPP='gcc -E'
CPPFLAGS=''
DEFS='-DPACKAGE_NAME=\"nauty\" -DPACKAGE_TARNAME=\"nauty\" -DPACKAGE_VERSION=\"2.8.8\" -DPACKAGE_STRING=\"nauty\ 2.8.8\" -DPACKAGE_BUGREPORT=\"\" -DPACKAGE_URL=\"\" -DHAVE_SYS_WAIT_H=1 -DSTDC_HEADERS=1 -DHAVE_SYS_TYPES_H=1 -DHAVE_SYS_STAT_H=1 -DHAVE_STDLIB_H=1 -DHAVE_STRING_H=1 -DHAVE_MEMORY_H=1 -DHAVE_STRINGS_H=1 -DHAVE_INTTYPES_H=1 -DHAVE_STDINT_H=1 -DHAVE_UNISTD_H=1 -DHAVE_SIGNAL_H=1 -DHAVE_STDDEF_H=1 -DHAVE_UNISTD_H=1 -DHAVE_SYS_TYPES_H=1 -DHAVE_SYS_WAIT_H=1 -DHAVE_STDLIB_H=1 -DHAVE_STRING_H=1 -DHAVE_ERRNO_H=1 -DHAVE_LIMITS_H=1 -DHAVE_STDINT_H=1 -DSIZEOF_INT=4 -DSIZEOF_LONG=8 -DSIZEOF_LONG_LONG=8 -DSIZEOF_VOIDP=8 -DSIZEOF___UINT128_T=16 -DSIZEOF_UNSIGNED___INT128=16 -DHAVE_FORK=1 -DHAVE_VFORK=1 -DHAVE_WORKING_VFORK=1 -DHAVE_WORKING_FORK=1 -DNORET=_Noreturn -DTLS=_Thread_local'
ECHO_C=''
ECHO_N='-n'
ECHO_T=''
EGREP='/usr/bin/grep -E'
EXEEXT=''
GREP='/usr/bin/grep'
INSTALL_DATA='${INSTALL} -m 644'
INSTALL_PROGRAM='${INSTALL}'
INSTALL_SCRIPT='${INSTALL}'
LDFLAGS=''
LIBOBJS=''
LIBS=''
LTLIBOBJS=''
MKDIR_P='/usr/bin/mkdir -p'
MORECFLAGS=' -mpopcnt -march=native'
OBJEXT='o'
PACKAGE_BUGREPORT=''
PACKAGE_NAME='nauty'
PACKAGE_STRING='nauty 2.8.8'
PACKAGE_TARNAME='nauty'
PACKAGE_URL=''
PACKAGE_VERSION='2.8.8'
PATH_SEPARATOR=':'
Qlibs_or_null='nautyQ1.a nautyQ.a'
SHELL='/bin/sh'
ac_ct_CC='gcc'
ac_cv_noret='_Noreturn'
ac_cv_sizeof___uint128_t='16'
ac_cv_sizeof_int='4'
ac_cv_sizeof_long='8'
ac_cv_sizeof_long_long='8'
ac_cv_sizeof_unsigned___int128='16'
ac_cv_sizeof_voidp='8'
ac_cv_sys_file_offset_bits='0'
ac_cv_tls='_Thread_local'
allow_interrupt='1'
bindir='${exec_prefix}/bin'
build='x86_64-pc-linux-gnu'
build_alias=''
build_cpu='x86_64'
build_os='linux-gnu'
build_vendor='pc'
datadir='${datarootdir}'
datarootdir='${prefix}/share'
default_wordsize='0'
docdir='${datarootdir}/doc/${PACKAGE_TARNAME}'
dvidir='${docdir}'
edit_msg='++++++ This file is automatically generated, don'\''t edit it by hand! ++++++'
exec_prefix='${prefix}'
fdopen_dec='1'
flex_array_ok='1'
ftell_dec='1'
gunzip_prog='gunzip'
has_math_inf='1'
have_ansicontrols='0'
have_clock='1'
have_clock_gettime='1'
have_clz='1'
have_clzl='1'
have_clzll='1'
have_flockfile='1'
have_fork='1'
have_fseeko='1'
have_getrusage='1'
have_gettimeofday='1'
have_gunzip='1'
have_hwlzcnt='1'
have_hwpopcnt='1'
have_isatty='1'
have_mmpop32='0'
have_mmpop64='0'
have_perror='1'
have_pid_t='1'
have_pipe='1'
have_popcnt='1'
have_popcntl='1'
have_popcntll='1'
have_popen='1'
have_putenv='1'
have_setenv='1'
have_sigaction='1'
have_sigprocmask='1'
have_time='1'
have_times='1'
have_wait='1'
header_errno_h='1'
header_limits_h='1'
header_signal_h='1'
header_stddef_h='1'
header_stdint_h='1'
header_stdlib_h='1'
header_string_h='1'
header_sys_types_h='1'
header_sys_wait_h='1'
header_unistd_h='1'
host='x86_64-pc-linux-gnu'
host_alias=''
host_cpu='x86_64'
host_os='linux-gnu'
host_vendor='pc'
htmldir='${docdir}'
includedir='${prefix}/include'
infodir='${datarootdir}/info'
is_ARM64='0'
libdir='${exec_prefix}/lib'
libexecdir='${exec_prefix}/libexec'
localedir='${datarootdir}/locale'
localstatedir='${prefix}/var'
malloc_dec='1'
mandir='${datarootdir}/man'
nautests='nautest nautestS nautestW nautestL nautestQ'
oldincludedir='/usr/include'
pdfdir='${docdir}'
popen_dec='1'
prefix='/usr/local'
program_transform_name='s,x,x,'
psdir='${docdir}'
putenv_dec='1'
runonetestQ='runonetest "$1" "$2" "$3"'
runstatedir='${localstatedir}/run'
sbindir='${exec_prefix}/sbin'
setenv_dec='1'
sharedstatedir='${prefix}/com'
shortg_or_null='shortg'
sort_newparams_ok='1'
sort_prog='sort'
sort_size_ok='1'
stdio_nolock='1'
sysconfdir='${prefix}/etc'
target_alias=''
testprogs='dreadtest dreadtestS dreadtestS1 dreadtest4K dreadtest1 dreadtestW dreadtestW1 dreadtestL dreadtestL1 dreadtestQ dreadtestQ1'
tls_supported='1'
use_tls=''

## ----------- ##
## confdefs.h. ##
## ----------- ##

/* confdefs.h */
#define PACKAGE_NAME "nauty"
#define PACKAGE_TARNAME "nauty"
#define PACKAGE_VERSION "2.8.8"
#define PACKAGE_STRING "nauty 2.8.8"
#define PACKAGE_BUGREPORT ""
#define PACKAGE_URL ""
#define HAVE_SYS_WAIT_H 1
#define STDC_HEADERS 1
#define HAVE_SYS_TYPES_H 1
#define HAVE_SYS_STAT_H 1
#define HAVE_STDLIB_H 1
#define HAVE_STRING_H 1
#define HAVE_MEMORY_H 1
#define HAVE_STRINGS_H 1
#define HAVE_INTTYPES_H 1
#define HAVE_STDINT_H 1
#define HAVE_UNISTD_H 1
#define HAVE_SIGNAL_H 1
#define HAVE_STDDEF_H 1
#define HAVE_UNISTD_H 1
#define HAVE_SYS_TYPES_H 1
#define HAVE_SYS_WAIT_H 1
#define HAVE_STDLIB_H 1
#define HAVE_STRING_H 1
#define HAVE_ERRNO_H 1
#define HAVE_LIMITS_H 1
#define HAVE_STDINT_H 1
#define SIZEOF_INT 4
#define SIZEOF_LONG 8
#define SIZEOF_LONG_LONG 8
#define SIZEOF_VOIDP 8
#define SIZEOF___UINT128_T 16
#define SIZEOF_UNSIGNED___INT128 16
#define HAVE_FORK 1
#define HAVE_VFORK 1
#define HAVE_WORKING_VFORK 1
#define HAVE_WORKING_FORK 1
#define NORET _Noreturn
#define TLS _Thread_local

configure: exit 0
